<?xml version="1.0" encoding="UTF-8"?>
<testng-results ignored="0" total="1" passed="1" failed="0" skipped="0">
  <reporter-output>
  </reporter-output>
  <suite started-at="2022-10-19T11:35:01Z" name="Default suite" finished-at="2022-10-19T11:35:28Z" duration-ms="26857">
    <groups>
    </groups>
    <test started-at="2022-10-19T11:35:01Z" name="Default test" finished-at="2022-10-19T11:35:28Z" duration-ms="26857">
      <class name="Tests.Logindetails">
        <test-method is-config="true" signature="openthedata()[pri:0, instance:Tests.Logindetails@53fb3dab]" started-at="2022-10-19T11:35:01Z" name="openthedata" finished-at="2022-10-19T11:35:01Z" duration-ms="19" status="PASS">
          <reporter-output>
          </reporter-output>
        </test-method> <!-- openthedata -->
        <test-method is-config="true" signature="luncherbrowser()[pri:0, instance:Tests.Logindetails@53fb3dab]" started-at="2022-10-19T11:35:01Z" name="luncherbrowser" finished-at="2022-10-19T11:35:14Z" duration-ms="12633" status="PASS">
          <reporter-output>
          </reporter-output>
        </test-method> <!-- luncherbrowser -->
        <test-method signature="login()[pri:0, instance:Tests.Logindetails@53fb3dab]" started-at="2022-10-19T11:35:14Z" name="login" finished-at="2022-10-19T11:35:27Z" duration-ms="12557" status="PASS">
          <reporter-output>
          </reporter-output>
        </test-method> <!-- login -->
        <test-method is-config="true" signature="closethebrowser()[pri:0, instance:Tests.Logindetails@53fb3dab]" started-at="2022-10-19T11:35:27Z" name="closethebrowser" finished-at="2022-10-19T11:35:28Z" duration-ms="1271" status="PASS">
          <reporter-output>
          </reporter-output>
        </test-method> <!-- closethebrowser -->
        <test-method is-config="true" signature="closethedata()[pri:0, instance:Tests.Logindetails@53fb3dab]" started-at="2022-10-19T11:35:28Z" name="closethedata" finished-at="2022-10-19T11:35:28Z" duration-ms="1" status="PASS">
          <reporter-output>
          </reporter-output>
        </test-method> <!-- closethedata -->
      </class> <!-- Tests.Logindetails -->
    </test> <!-- Default test -->
  </suite> <!-- Default suite -->
</testng-results>
